

---------------------parsing log: 1---------------------



---------------------parsing log: 2---------------------



---------------------parsing log: 3---------------------



---------------------parsing log: 4---------------------



---------------------parsing log: 5---------------------



---------------------parsing log: 6---------------------

currently mulliganing to 7 cards
deciding mulligan...
decided to mulligan


---------------------parsing log: 7---------------------

currently mulliganing to 7 cards
deciding mulligan...
decided to mulligan


---------------------parsing log: 8---------------------



---------------------parsing log: 9---------------------



---------------------parsing log: 10---------------------



---------------------parsing log: 11---------------------



---------------------parsing log: 12---------------------



---------------------parsing log: 13---------------------



---------------------parsing log: 14---------------------



---------------------parsing log: 15---------------------



---------------------parsing log: 16---------------------



---------------------parsing log: 17---------------------



---------------------parsing log: 18---------------------



---------------------parsing log: 19---------------------

currently mulliganing to 7 cards
key error while looking for hand during mulligan. conceding...
deciding mulligan...
