

---------------------parsing log: 1---------------------



---------------------parsing log: 2---------------------



---------------------parsing log: 3---------------------



---------------------parsing log: 4---------------------



---------------------parsing log: 5---------------------

currently mulliganing to 7 cards
deciding mulligan...
decided to mulligan


---------------------parsing log: 6---------------------



---------------------parsing log: 7---------------------



---------------------parsing log: 8---------------------

currently mulliganing to 7 cards
deciding mulligan...
decided to keep hand


---------------------parsing log: 9---------------------



---------------------parsing log: 10---------------------



---------------------parsing log: 11---------------------



---------------------parsing log: 12---------------------



---------------------parsing log: 13---------------------



---------------------parsing log: 14---------------------



---------------------parsing log: 15---------------------



---------------------parsing log: 16---------------------



---------------------parsing log: 17---------------------

main phase identified on turn 1
entering main phase with hand ['Basic Island', 'Basic Island', 'Basic Island', 'Basic Island', 'Basic Island', 'Treasure Hunt']
playing cards at indices [[0, None]]
playing card at position 0


---------------------parsing log: 18---------------------



---------------------parsing log: 19---------------------



---------------------parsing log: 20---------------------



---------------------parsing log: 21---------------------



---------------------parsing log: 22---------------------



---------------------parsing log: 23---------------------



---------------------parsing log: 24---------------------



---------------------parsing log: 25---------------------



---------------------parsing log: 26---------------------



---------------------parsing log: 27---------------------



---------------------parsing log: 28---------------------



---------------------parsing log: 29---------------------

drawing card on turn 3
