

---------------------parsing log: 1---------------------



---------------------parsing log: 2---------------------



---------------------parsing log: 3---------------------



---------------------parsing log: 4---------------------



---------------------parsing log: 5---------------------



---------------------parsing log: 6---------------------

currently mulliganing to 7 cards
deciding mulligan...
decided to mulligan


---------------------parsing log: 7---------------------

currently mulliganing to 7 cards
deciding mulligan...
decided to mulligan


---------------------parsing log: 8---------------------



---------------------parsing log: 9---------------------

currently mulliganing to 7 cards
deciding mulligan...
decided to mulligan


---------------------parsing log: 10---------------------



---------------------parsing log: 11---------------------



---------------------parsing log: 12---------------------



---------------------parsing log: 13---------------------

currently mulliganing to 7 cards
deciding mulligan...
decided to mulligan


---------------------parsing log: 14---------------------



---------------------parsing log: 15---------------------

currently mulliganing to 7 cards
deciding mulligan...
decided to mulligan


---------------------parsing log: 16---------------------



---------------------parsing log: 17---------------------



---------------------parsing log: 18---------------------

currently mulliganing to 7 cards
deciding mulligan...
decided to mulligan


---------------------parsing log: 19---------------------

currently mulliganing to 7 cards
deciding mulligan...
decided to keep hand


---------------------parsing log: 20---------------------



---------------------parsing log: 21---------------------



---------------------parsing log: 22---------------------



---------------------parsing log: 23---------------------



---------------------parsing log: 24---------------------



---------------------parsing log: 25---------------------



---------------------parsing log: 26---------------------



---------------------parsing log: 27---------------------



---------------------parsing log: 28---------------------



---------------------parsing log: 29---------------------

