

---------------------parsing log: 1---------------------



---------------------parsing log: 2---------------------



---------------------parsing log: 3---------------------



---------------------parsing log: 4---------------------



---------------------parsing log: 5---------------------



---------------------parsing log: 6---------------------

currently mulliganing to 7 cards
deciding mulligan...
decided to mulligan


---------------------parsing log: 7---------------------

currently mulliganing to 7 cards
deciding mulligan...
decided to mulligan


---------------------parsing log: 8---------------------



---------------------parsing log: 9---------------------

currently mulliganing to 7 cards
deciding mulligan...
decided to mulligan


---------------------parsing log: 10---------------------

currently mulliganing to 7 cards
deciding mulligan...
decided to mulligan


---------------------parsing log: 11---------------------

currently mulliganing to 7 cards
deciding mulligan...
decided to mulligan


---------------------parsing log: 12---------------------

currently mulliganing to 7 cards
deciding mulligan...
decided to mulligan


---------------------parsing log: 13---------------------

currently mulliganing to 7 cards
deciding mulligan...
decided to keep hand


---------------------parsing log: 14---------------------



---------------------parsing log: 15---------------------



---------------------parsing log: 16---------------------



---------------------parsing log: 17---------------------

drawing card None
main phase identified on turn 2
entering main phase with hand ['Treasure Hunt', None]
playing cards at indices []


---------------------parsing log: 18---------------------



---------------------parsing log: 19---------------------



---------------------parsing log: 20---------------------



---------------------parsing log: 21---------------------



---------------------parsing log: 22---------------------



---------------------parsing log: 23---------------------



---------------------parsing log: 24---------------------



---------------------parsing log: 25---------------------



---------------------parsing log: 26---------------------



---------------------parsing log: 27---------------------



---------------------parsing log: 28---------------------



---------------------parsing log: 29---------------------



---------------------parsing log: 30---------------------



---------------------parsing log: 31---------------------



---------------------parsing log: 32---------------------



---------------------parsing log: 33---------------------



---------------------parsing log: 34---------------------



---------------------parsing log: 35---------------------



---------------------parsing log: 36---------------------



---------------------parsing log: 37---------------------

drawing card on turn 4
