

---------------------parsing log: 1---------------------



---------------------parsing log: 2---------------------



---------------------parsing log: 3---------------------



---------------------parsing log: 4---------------------



---------------------parsing log: 5---------------------



---------------------parsing log: 6---------------------



---------------------parsing log: 7---------------------

identified hand of ['Basic Island', 'Basic Island', 'Basic Island', 'Basic Island', 'Lonely Sandbar', 'Mystic Sanctuary', 'Basic Island']
deciding mulligan...
decided to mulligan


---------------------parsing log: 8---------------------

identified hand of ['Basic Island', 'Basic Island', 'Basic Island', 'Lonely Sandbar', 'Basic Island', 'Basic Island', 'Basic Island']
deciding mulligan...
decided to mulligan


---------------------parsing log: 9---------------------



---------------------parsing log: 10---------------------



---------------------parsing log: 11---------------------

identified hand of ['Lonely Sandbar', 'Basic Island', 'Treasure Hunt', 'Basic Island', 'Lonely Sandbar', 'Basic Island', 'Basic Island']
deciding mulligan...
decided to keep hand


---------------------parsing log: 12---------------------



---------------------parsing log: 13---------------------



---------------------parsing log: 14---------------------



---------------------parsing log: 15---------------------



---------------------parsing log: 16---------------------



---------------------parsing log: 17---------------------



---------------------parsing log: 18---------------------

